<?xml version="1.0" encoding="UTF-8"?>
<robot generator="Robot 6.0.2 (Python 3.10.0 on win32)" generated="20230528 00:00:05.360" rpa="false" schemaversion="3">
<suite id="s1" name="amazonCaseTest" source="C:\Users\HANDE ARSLAN\PycharmProjects\techcareertest\resources\test\amazonCaseTest.robot">
<test id="s1-t1" name="Check Login" line="16">
<kw name="Begin Web Test" library="utilsApp" type="SETUP">
<kw name="Open Browser" library="SeleniumLibrary">
<arg>about:blank</arg>
<arg>${BROWSER}</arg>
<doc>Opens a new browser instance to the optional ``url``.</doc>
<msg timestamp="20230528 00:00:06.735" level="INFO">Opening browser 'chrome' to base url 'about:blank'.</msg>
<msg timestamp="20230528 00:00:06.754" level="INFO">Applicable driver not found; attempting to install with Selenium Manager (Beta)</msg>
<status status="PASS" starttime="20230528 00:00:06.734" endtime="20230528 00:00:08.465"/>
</kw>
<kw name="Maximize Browser Window" library="SeleniumLibrary">
<doc>Maximizes current browser window.</doc>
<status status="PASS" starttime="20230528 00:00:08.465" endtime="20230528 00:00:08.611"/>
</kw>
<status status="PASS" starttime="20230528 00:00:06.733" endtime="20230528 00:00:08.611"/>
</kw>
<kw name="Check Login" library="amazonCaseApp">
<kw name="Go to Home Page" library="amazonCase">
<kw name="Go To" library="SeleniumLibrary">
<arg>${URL}</arg>
<doc>Navigates the current browser window to the provided ``url``.</doc>
<msg timestamp="20230528 00:00:08.614" level="INFO">Opening url 'https://www.amazon.com.tr/'</msg>
<status status="PASS" starttime="20230528 00:00:08.613" endtime="20230528 00:00:13.408"/>
</kw>
<kw name="click" library="utils">
<arg>${accept}</arg>
<kw name="Wait Until Page Contains Element" library="SeleniumLibrary">
<arg>${SELECTOR}</arg>
<doc>Waits until the element ``locator`` appears on the current page.</doc>
<msg timestamp="20230528 00:00:13.432" level="WARN">Keyword 'Capture Page Screenshot' could not be run on failure: Message: no such window: target window already closed
from unknown error: web view not found
  (Session info: chrome=113.0.5672.127)
Stacktrace:
Backtrace:
	GetHandleVerifier [0x00B68893+48451]
	(No symbol) [0x00AFB8A1]
	(No symbol) [0x00A05058]
	(No symbol) [0x009ED073]
	(No symbol) [0x00A4DEBB]
	(No symbol) [0x00A5BFD3]
	(No symbol) [0x00A4A0B6]
	(No symbol) [0x00A27E08]
	(No symbol) [0x00A28F2D]
	GetHandleVerifier [0x00DC8E3A+2540266]
	GetHandleVerifier [0x00E08959+2801161]
	GetHandleVerifier [0x00E0295C+2776588]
	GetHandleVerifier [0x00BF2280+612144]
	(No symbol) [0x00B04F6C]
	(No symbol) [0x00B011D8]
	(No symbol) [0x00B012BB]
	(No symbol) [0x00AF4857]
	BaseThreadInitThunk [0x75BE00C9+25]
	RtlGetAppContainerNamedObjectPath [0x77D87B4E+286]
	RtlGetAppContainerNamedObjectPath [0x77D87B1E+238]
</msg>
<msg timestamp="20230528 00:00:13.441" level="FAIL">NoSuchWindowException: Message: no such window: target window already closed
from unknown error: web view not found
  (Session info: chrome=113.0.5672.127)
Stacktrace:
Backtrace:
	GetHandleVerifier [0x00B68893+48451]
	(No symbol) [0x00AFB8A1]
	(No symbol) [0x00A05058]
	(No symbol) [0x009ED073]
	(No symbol) [0x00A4DEBB]
	(No symbol) [0x00A5BFD3]
	(No symbol) [0x00A4A0B6]
	(No symbol) [0x00A27E08]
	(No symbol) [0x00A28F2D]
	GetHandleVerifier [0x00DC8E3A+2540266]
	GetHandleVerifier [0x00E08959+2801161]
	GetHandleVerifier [0x00E0295C+2776588]
	GetHandleVerifier [0x00BF2280+612144]
	(No symbol) [0x00B04F6C]
	(No symbol) [0x00B011D8]
	(No symbol) [0x00B012BB]
	(No symbol) [0x00AF4857]
	BaseThreadInitThunk [0x75BE00C9+25]
	RtlGetAppContainerNamedObjectPath [0x77D87B4E+286]
	RtlGetAppContainerNamedObjectPath [0x77D87B1E+238]
</msg>
<status status="FAIL" starttime="20230528 00:00:13.410" endtime="20230528 00:00:13.605"/>
</kw>
<kw name="Click Element" library="SeleniumLibrary">
<arg>${SELECTOR}</arg>
<doc>Click the element identified by ``locator``.</doc>
<status status="NOT RUN" starttime="20230528 00:00:13.606" endtime="20230528 00:00:13.606"/>
</kw>
<status status="FAIL" starttime="20230528 00:00:13.409" endtime="20230528 00:00:13.606"/>
</kw>
<status status="FAIL" starttime="20230528 00:00:08.613" endtime="20230528 00:00:13.607"/>
</kw>
<kw name="Go to Login Page" library="amazonCase">
<status status="NOT RUN" starttime="20230528 00:00:13.607" endtime="20230528 00:00:13.607"/>
</kw>
<kw name="Enter Email" library="amazonCase">
<status status="NOT RUN" starttime="20230528 00:00:13.607" endtime="20230528 00:00:13.607"/>
</kw>
<kw name="Click Continue Button" library="amazonCase">
<status status="NOT RUN" starttime="20230528 00:00:13.607" endtime="20230528 00:00:13.607"/>
</kw>
<kw name="Enter Password" library="amazonCase">
<status status="NOT RUN" starttime="20230528 00:00:13.607" endtime="20230528 00:00:13.608"/>
</kw>
<kw name="Click Login Button" library="amazonCase">
<status status="NOT RUN" starttime="20230528 00:00:13.608" endtime="20230528 00:00:13.608"/>
</kw>
<status status="FAIL" starttime="20230528 00:00:08.612" endtime="20230528 00:00:13.608"/>
</kw>
<kw name="Check Add to Cart" library="amazonCaseApp">
<status status="NOT RUN" starttime="20230528 00:00:13.608" endtime="20230528 00:00:13.609"/>
</kw>
<kw name="End Web Test" library="utilsApp" type="TEARDOWN">
<kw name="Close Browser" library="SeleniumLibrary">
<doc>Closes the current browser.</doc>
<status status="PASS" starttime="20230528 00:00:13.612" endtime="20230528 00:00:15.730"/>
</kw>
<status status="PASS" starttime="20230528 00:00:13.609" endtime="20230528 00:00:15.730"/>
</kw>
<status status="FAIL" starttime="20230528 00:00:06.732" endtime="20230528 00:00:15.731">NoSuchWindowException: Message: no such window: target window already closed
from unknown error: web view not found
  (Session info: chrome=113.0.5672.127)
Stacktrace:
Backtrace:
	GetHandleVerifier [0x00B68893+48451]
	(No symbol) [0x00AFB8A1]
	(No symbol) [0x00A05058]
	(No symbol) [0x009ED073]
	(No symbol) [0x00A4DEBB]
	(No symbol) [0x00A5BFD3]
	(No symbol) [0x00A4A0B6]
	(No symbol) [0x00A27E08]
	(No symbol) [0x00A28F2D]
	GetHandleVerifier [0x00DC8E3A+2540266]
	GetHandleVerifier [0x00E08959+2801161]
	GetHandleVerifier [0x00E0295C+2776588]
	GetHandleVerifier [0x00BF2280+612144]
	(No symbol) [0x00B04F6C]
	(No symbol) [0x00B011D8]
	(No symbol) [0x00B012BB]
	(No symbol) [0x00AF4857]
	BaseThreadInitThunk [0x75BE00C9+25]
	RtlGetAppContainerNamedObjectPath [0x77D87B4E+286]
	RtlGetAppContainerNamedObjectPath [0x77D87B1E+238]
</status>
</test>
<status status="FAIL" starttime="20230528 00:00:05.364" endtime="20230528 00:00:15.736"/>
</suite>
<statistics>
<total>
<stat pass="0" fail="1" skip="0">All Tests</stat>
</total>
<tag>
</tag>
<suite>
<stat pass="0" fail="1" skip="0" id="s1" name="amazonCaseTest">amazonCaseTest</stat>
</suite>
</statistics>
<errors>
<msg timestamp="20230528 00:00:05.408" level="ERROR">Error in file 'C:\Users\HANDE ARSLAN\PycharmProjects\techcareertest\resources\app\amazonCaseApp.robot' on line 7: Setting 'Test Setup' is not allowed in resource file.</msg>
<msg timestamp="20230528 00:00:05.409" level="ERROR">Error in file 'C:\Users\HANDE ARSLAN\PycharmProjects\techcareertest\resources\app\amazonCaseApp.robot' on line 8: Setting 'Test Teardown' is not allowed in resource file.</msg>
<msg timestamp="20230528 00:00:13.432" level="WARN">Keyword 'Capture Page Screenshot' could not be run on failure: Message: no such window: target window already closed
from unknown error: web view not found
  (Session info: chrome=113.0.5672.127)
Stacktrace:
Backtrace:
	GetHandleVerifier [0x00B68893+48451]
	(No symbol) [0x00AFB8A1]
	(No symbol) [0x00A05058]
	(No symbol) [0x009ED073]
	(No symbol) [0x00A4DEBB]
	(No symbol) [0x00A5BFD3]
	(No symbol) [0x00A4A0B6]
	(No symbol) [0x00A27E08]
	(No symbol) [0x00A28F2D]
	GetHandleVerifier [0x00DC8E3A+2540266]
	GetHandleVerifier [0x00E08959+2801161]
	GetHandleVerifier [0x00E0295C+2776588]
	GetHandleVerifier [0x00BF2280+612144]
	(No symbol) [0x00B04F6C]
	(No symbol) [0x00B011D8]
	(No symbol) [0x00B012BB]
	(No symbol) [0x00AF4857]
	BaseThreadInitThunk [0x75BE00C9+25]
	RtlGetAppContainerNamedObjectPath [0x77D87B4E+286]
	RtlGetAppContainerNamedObjectPath [0x77D87B1E+238]
</msg>
</errors>
</robot>
